<?xml version="1.0" encoding="UTF-8"?>
<!-- Generated by org.testng.reporters.JUnitReportReporter -->
<testsuite skipped="0" hostname="WINDOWS-TOCRG0D" name="com.mystore.testcases.AddToCartPageTest" tests="1" failures="0" timestamp="2020-07-23T12:19:36 IST" time="30.152" errors="0">
  <testcase name="addToCartTest" time="30.152" classname="com.mystore.testcases.AddToCartPageTest"/>
  <system-out/>
</testsuite> <!-- com.mystore.testcases.AddToCartPageTest -->
