<?xml version="1.0" encoding="UTF-8"?>
<!-- Generated by org.testng.reporters.JUnitReportReporter -->
<testsuite skipped="0" hostname="WINDOWS-TOCRG0D" name="com.mystore.testcases.HomePageTest" tests="2" failures="0" timestamp="2020-07-23T12:19:36 IST" time="55.257" errors="0">
  <testcase name="wishListTest" time="27.579" classname="com.mystore.testcases.HomePageTest"/>
  <system-out/>
  <testcase name="orderHistoryandDetailsTest" time="27.678" classname="com.mystore.testcases.HomePageTest"/>
  <system-out/>
</testsuite> <!-- com.mystore.testcases.HomePageTest -->
