<?xml version="1.0" encoding="UTF-8"?>
<!-- Generated by org.testng.reporters.JUnitReportReporter -->
<testsuite skipped="0" hostname="WINDOWS-TOCRG0D" name="com.mystore.testcases.AccountCreationPageTest" tests="1" failures="0" timestamp="2020-07-23T12:19:36 IST" time="26.105" errors="0">
  <testcase name="verifyCreateAccountPageTest" time="26.105" classname="com.mystore.testcases.AccountCreationPageTest"/>
  <system-out/>
</testsuite> <!-- com.mystore.testcases.AccountCreationPageTest -->
