<?xml version="1.0" encoding="UTF-8"?>
<!-- Generated by org.testng.reporters.JUnitReportReporter -->
<testsuite skipped="0" hostname="WINDOWS-TOCRG0D" name="com.mystore.testcases.EndToEndTest" tests="1" failures="0" timestamp="2020-07-24T14:24:01 IST" time="52.807" errors="0">
  <testcase name="endToEndTest" time="52.807" classname="com.mystore.testcases.EndToEndTest"/>
  <system-out/>
</testsuite> <!-- com.mystore.testcases.EndToEndTest -->
