<?xml version="1.0" encoding="UTF-8"?>
<!-- Generated by org.testng.reporters.JUnitReportReporter -->
<testsuite skipped="0" hostname="WINDOWS-TOCRG0D" name="com.mystore.testcases.LoginPageTest" tests="1" failures="0" timestamp="2020-07-24T14:24:01 IST" time="36.225" errors="0">
  <testcase name="loginTest" time="36.225" classname="com.mystore.testcases.LoginPageTest"/>
  <system-out/>
</testsuite> <!-- com.mystore.testcases.LoginPageTest -->
