<?xml version="1.0" encoding="UTF-8"?>
<!-- Generated by org.testng.reporters.JUnitReportReporter -->
<testsuite skipped="0" hostname="WINDOWS-TOCRG0D" name="com.mystore.testcases.OrderPageTest" tests="1" failures="0" timestamp="2020-07-24T14:24:01 IST" time="49.660" errors="0">
  <testcase name="verifyTotalPrice" time="49.660" classname="com.mystore.testcases.OrderPageTest"/>
  <system-out/>
</testsuite> <!-- com.mystore.testcases.OrderPageTest -->
